2025-09-11T23:09:15.766+05:30  INFO [ORDER-SERVICE,traceId=,spanId=] 4740 --- [ORDER-SERVICE] [main] [                                                 ] c.s.O.OrderServiceApplication            : Starting OrderServiceApplication using Java 17.0.10 with PID 4740 (D:\GitHub\OrderService\target\classes started by saite in D:\GitHub\OrderService)
2025-09-11T23:09:15.770+05:30  INFO [ORDER-SERVICE,traceId=,spanId=] 4740 --- [ORDER-SERVICE] [main] [                                                 ] c.s.O.OrderServiceApplication            : No active profile set, falling back to 1 default profile: "default"
2025-09-11T23:09:15.843+05:30  INFO [ORDER-SERVICE,traceId=,spanId=] 4740 --- [ORDER-SERVICE] [main] [                                                 ] o.s.c.c.c.ConfigServerConfigDataLoader   : Fetching config from server at : http://localhost:9296
2025-09-11T23:09:15.850+05:30  INFO [ORDER-SERVICE,traceId=,spanId=] 4740 --- [ORDER-SERVICE] [main] [                                                 ] o.s.c.c.c.ConfigServerConfigDataLoader   : Located environment: name=ORDER-SERVICE, profiles=[default], label=null, version=c52ddbf75e0cfe852995aa4304e8cea75fd81975, state=
2025-09-11T23:09:18.096+05:30  INFO [ORDER-SERVICE,traceId=,spanId=] 4740 --- [ORDER-SERVICE] [main] [                                                 ] .s.d.r.c.RepositoryConfigurationDelegate : Multiple Spring Data modules found, entering strict repository configuration mode
2025-09-11T23:09:18.099+05:30  INFO [ORDER-SERVICE,traceId=,spanId=] 4740 --- [ORDER-SERVICE] [main] [                                                 ] .s.d.r.c.RepositoryConfigurationDelegate : Bootstrapping Spring Data Elasticsearch repositories in DEFAULT mode.
2025-09-11T23:09:18.176+05:30  INFO [ORDER-SERVICE,traceId=,spanId=] 4740 --- [ORDER-SERVICE] [main] [                                                 ] .RepositoryConfigurationExtensionSupport : Spring Data Elasticsearch - Could not safely identify store assignment for repository candidate interface com.saiteja.OrderService.repository.OrderRepository; If you want this repository to be a Elasticsearch repository, consider annotating your entities with one of these annotations: org.springframework.data.elasticsearch.annotations.Document (preferred), or consider extending one of the following types with your repository: org.springframework.data.elasticsearch.repository.ElasticsearchRepository
2025-09-11T23:09:18.413+05:30  INFO [ORDER-SERVICE,traceId=,spanId=] 4740 --- [ORDER-SERVICE] [main] [                                                 ] .s.d.r.c.RepositoryConfigurationDelegate : Finished Spring Data repository scanning in 301 ms. Found 1 Elasticsearch repository interface.
2025-09-11T23:09:18.425+05:30  INFO [ORDER-SERVICE,traceId=,spanId=] 4740 --- [ORDER-SERVICE] [main] [                                                 ] .s.d.r.c.RepositoryConfigurationDelegate : Multiple Spring Data modules found, entering strict repository configuration mode
2025-09-11T23:09:18.426+05:30  INFO [ORDER-SERVICE,traceId=,spanId=] 4740 --- [ORDER-SERVICE] [main] [                                                 ] .s.d.r.c.RepositoryConfigurationDelegate : Bootstrapping Spring Data Reactive Elasticsearch repositories in DEFAULT mode.
2025-09-11T23:09:18.439+05:30  INFO [ORDER-SERVICE,traceId=,spanId=] 4740 --- [ORDER-SERVICE] [main] [                                                 ] .RepositoryConfigurationExtensionSupport : Spring Data Reactive Elasticsearch - Could not safely identify store assignment for repository candidate interface com.saiteja.OrderService.repository.OrderRepository; If you want this repository to be a Reactive Elasticsearch repository, consider annotating your entities with one of these annotations: org.springframework.data.elasticsearch.annotations.Document (preferred), or consider extending one of the following types with your repository: org.springframework.data.elasticsearch.repository.ReactiveElasticsearchRepository
2025-09-11T23:09:18.444+05:30  INFO [ORDER-SERVICE,traceId=,spanId=] 4740 --- [ORDER-SERVICE] [main] [                                                 ] .s.d.r.c.RepositoryConfigurationDelegate : Finished Spring Data repository scanning in 13 ms. Found 0 Reactive Elasticsearch repository interfaces.
2025-09-11T23:09:18.464+05:30  INFO [ORDER-SERVICE,traceId=,spanId=] 4740 --- [ORDER-SERVICE] [main] [                                                 ] .s.d.r.c.RepositoryConfigurationDelegate : Multiple Spring Data modules found, entering strict repository configuration mode
2025-09-11T23:09:18.466+05:30  INFO [ORDER-SERVICE,traceId=,spanId=] 4740 --- [ORDER-SERVICE] [main] [                                                 ] .s.d.r.c.RepositoryConfigurationDelegate : Bootstrapping Spring Data JPA repositories in DEFAULT mode.
2025-09-11T23:09:18.490+05:30  INFO [ORDER-SERVICE,traceId=,spanId=] 4740 --- [ORDER-SERVICE] [main] [                                                 ] .RepositoryConfigurationExtensionSupport : Spring Data JPA - Could not safely identify store assignment for repository candidate interface com.saiteja.OrderService.repository.OrderSearchRepository; If you want this repository to be a JPA repository, consider annotating your entities with one of these annotations: jakarta.persistence.Entity, jakarta.persistence.MappedSuperclass (preferred), or consider extending one of the following types with your repository: org.springframework.data.jpa.repository.JpaRepository
2025-09-11T23:09:18.501+05:30  INFO [ORDER-SERVICE,traceId=,spanId=] 4740 --- [ORDER-SERVICE] [main] [                                                 ] .s.d.r.c.RepositoryConfigurationDelegate : Finished Spring Data repository scanning in 22 ms. Found 1 JPA repository interface.
2025-09-11T23:09:19.222+05:30  INFO [ORDER-SERVICE,traceId=,spanId=] 4740 --- [ORDER-SERVICE] [main] [                                                 ] o.s.cloud.context.scope.GenericScope     : BeanFactory id=bc444fec-c20b-39a3-9716-fdfdce10edbf
2025-09-11T23:09:20.571+05:30  INFO [ORDER-SERVICE,traceId=,spanId=] 4740 --- [ORDER-SERVICE] [main] [                                                 ] o.s.b.w.embedded.tomcat.TomcatWebServer  : Tomcat initialized with port 8082 (http)
2025-09-11T23:09:20.595+05:30  INFO [ORDER-SERVICE,traceId=,spanId=] 4740 --- [ORDER-SERVICE] [main] [                                                 ] o.apache.catalina.core.StandardService   : Starting service [Tomcat]
2025-09-11T23:09:20.596+05:30  INFO [ORDER-SERVICE,traceId=,spanId=] 4740 --- [ORDER-SERVICE] [main] [                                                 ] o.apache.catalina.core.StandardEngine    : Starting Servlet engine: [Apache Tomcat/10.1.42]
2025-09-11T23:09:20.737+05:30  INFO [ORDER-SERVICE,traceId=,spanId=] 4740 --- [ORDER-SERVICE] [main] [                                                 ] o.a.c.c.C.[Tomcat].[localhost].[/]       : Initializing Spring embedded WebApplicationContext
2025-09-11T23:09:20.738+05:30  INFO [ORDER-SERVICE,traceId=,spanId=] 4740 --- [ORDER-SERVICE] [main] [                                                 ] w.s.c.ServletWebServerApplicationContext : Root WebApplicationContext: initialization completed in 4883 ms
2025-09-11T23:09:22.039+05:30  INFO [ORDER-SERVICE,traceId=,spanId=] 4740 --- [ORDER-SERVICE] [main] [                                                 ] o.hibernate.jpa.internal.util.LogHelper  : HHH000204: Processing PersistenceUnitInfo [name: default]
2025-09-11T23:09:22.134+05:30  INFO [ORDER-SERVICE,traceId=,spanId=] 4740 --- [ORDER-SERVICE] [main] [                                                 ] org.hibernate.Version                    : HHH000412: Hibernate ORM core version 6.6.18.Final
2025-09-11T23:09:22.189+05:30  INFO [ORDER-SERVICE,traceId=,spanId=] 4740 --- [ORDER-SERVICE] [main] [                                                 ] o.h.c.internal.RegionFactoryInitiator    : HHH000026: Second-level cache disabled
2025-09-11T23:09:22.642+05:30  INFO [ORDER-SERVICE,traceId=,spanId=] 4740 --- [ORDER-SERVICE] [main] [                                                 ] o.s.o.j.p.SpringPersistenceUnitInfo      : No LoadTimeWeaver setup: ignoring JPA class transformer
2025-09-11T23:09:22.699+05:30  INFO [ORDER-SERVICE,traceId=,spanId=] 4740 --- [ORDER-SERVICE] [main] [                                                 ] com.zaxxer.hikari.HikariDataSource       : HikariPool-1 - Starting...
2025-09-11T23:09:23.112+05:30  INFO [ORDER-SERVICE,traceId=,spanId=] 4740 --- [ORDER-SERVICE] [main] [                                                 ] com.zaxxer.hikari.pool.HikariPool        : HikariPool-1 - Added connection com.mysql.cj.jdbc.ConnectionImpl@63e54c66
2025-09-11T23:09:23.114+05:30  INFO [ORDER-SERVICE,traceId=,spanId=] 4740 --- [ORDER-SERVICE] [main] [                                                 ] com.zaxxer.hikari.HikariDataSource       : HikariPool-1 - Start completed.
2025-09-11T23:09:23.184+05:30  WARN [ORDER-SERVICE,traceId=,spanId=] 4740 --- [ORDER-SERVICE] [main] [                                                 ] org.hibernate.orm.deprecation            : HHH90000025: MySQL8Dialect does not need to be specified explicitly using 'hibernate.dialect' (remove the property setting and it will be selected by default)
2025-09-11T23:09:23.185+05:30  WARN [ORDER-SERVICE,traceId=,spanId=] 4740 --- [ORDER-SERVICE] [main] [                                                 ] org.hibernate.orm.deprecation            : HHH90000026: MySQL8Dialect has been deprecated; use org.hibernate.dialect.MySQLDialect instead
2025-09-11T23:09:23.218+05:30  INFO [ORDER-SERVICE,traceId=,spanId=] 4740 --- [ORDER-SERVICE] [main] [                                                 ] org.hibernate.orm.connections.pooling    : HHH10001005: Database info:
	Database JDBC URL [Connecting through datasource 'HikariDataSource (HikariPool-1)']
	Database driver: undefined/unknown
	Database version: 8.0
	Autocommit mode: undefined/unknown
	Isolation level: undefined/unknown
	Minimum pool size: undefined/unknown
	Maximum pool size: undefined/unknown
2025-09-11T23:09:24.421+05:30  INFO [ORDER-SERVICE,traceId=,spanId=] 4740 --- [ORDER-SERVICE] [main] [                                                 ] o.h.e.t.j.p.i.JtaPlatformInitiator       : HHH000489: No JTA platform available (set 'hibernate.transaction.jta.platform' to enable JTA platform integration)
2025-09-11T23:09:24.483+05:30  INFO [ORDER-SERVICE,traceId=,spanId=] 4740 --- [ORDER-SERVICE] [main] [                                                 ] j.LocalContainerEntityManagerFactoryBean : Initialized JPA EntityManagerFactory for persistence unit 'default'
2025-09-11T23:09:26.022+05:30  WARN [ORDER-SERVICE,traceId=,spanId=] 4740 --- [ORDER-SERVICE] [main] [                                                 ] JpaBaseConfiguration$JpaWebConfiguration : spring.jpa.open-in-view is enabled by default. Therefore, database queries may be performed during view rendering. Explicitly configure spring.jpa.open-in-view to disable this warning
2025-09-11T23:09:26.119+05:30  INFO [ORDER-SERVICE,traceId=,spanId=] 4740 --- [ORDER-SERVICE] [main] [                                                 ] o.s.c.openfeign.FeignClientFactoryBean   : For 'PRODUCT-SERVICE/product' URL not provided. Will try picking an instance via load-balancing.
2025-09-11T23:09:26.417+05:30  INFO [ORDER-SERVICE,traceId=,spanId=] 4740 --- [ORDER-SERVICE] [main] [                                                 ] o.s.c.openfeign.FeignClientFactoryBean   : For 'PAYMENT-SERVICE/payment' URL not provided. Will try picking an instance via load-balancing.
2025-09-11T23:09:28.403+05:30  INFO [ORDER-SERVICE,traceId=,spanId=] 4740 --- [ORDER-SERVICE] [main] [                                                 ] DiscoveryClientOptionalArgsConfiguration : Eureka HTTP Client uses RestTemplate.
2025-09-11T23:09:28.504+05:30  WARN [ORDER-SERVICE,traceId=,spanId=] 4740 --- [ORDER-SERVICE] [main] [                                                 ] iguration$LoadBalancerCaffeineWarnLogger : Spring Cloud LoadBalancer is currently working with the default cache. While this cache implementation is useful for development and tests, it's recommended to use Caffeine cache in production.You can switch to using Caffeine cache, by adding it and org.springframework.cache.caffeine.CaffeineCacheManager to the classpath.
2025-09-11T23:09:28.542+05:30  INFO [ORDER-SERVICE,traceId=,spanId=] 4740 --- [ORDER-SERVICE] [main] [                                                 ] o.s.b.a.e.web.EndpointLinksResolver      : Exposing 1 endpoint beneath base path '/actuator'
2025-09-11T23:09:28.664+05:30  INFO [ORDER-SERVICE,traceId=,spanId=] 4740 --- [ORDER-SERVICE] [main] [                                                 ] o.s.c.n.eureka.InstanceInfoFactory       : Setting initial instance status as: STARTING
2025-09-11T23:09:28.709+05:30  INFO [ORDER-SERVICE,traceId=,spanId=] 4740 --- [ORDER-SERVICE] [main] [                                                 ] com.netflix.discovery.DiscoveryClient    : Initializing Eureka in region us-east-1
2025-09-11T23:09:28.717+05:30  INFO [ORDER-SERVICE,traceId=,spanId=] 4740 --- [ORDER-SERVICE] [main] [                                                 ] c.n.d.s.r.aws.ConfigClusterResolver      : Resolving eureka endpoints via configuration
2025-09-11T23:09:28.736+05:30  INFO [ORDER-SERVICE,traceId=,spanId=] 4740 --- [ORDER-SERVICE] [main] [                                                 ] com.netflix.discovery.DiscoveryClient    : Disable delta property : false
2025-09-11T23:09:28.736+05:30  INFO [ORDER-SERVICE,traceId=,spanId=] 4740 --- [ORDER-SERVICE] [main] [                                                 ] com.netflix.discovery.DiscoveryClient    : Single vip registry refresh property : null
2025-09-11T23:09:28.736+05:30  INFO [ORDER-SERVICE,traceId=,spanId=] 4740 --- [ORDER-SERVICE] [main] [                                                 ] com.netflix.discovery.DiscoveryClient    : Force full registry fetch : false
2025-09-11T23:09:28.736+05:30  INFO [ORDER-SERVICE,traceId=,spanId=] 4740 --- [ORDER-SERVICE] [main] [                                                 ] com.netflix.discovery.DiscoveryClient    : Application is null : false
2025-09-11T23:09:28.736+05:30  INFO [ORDER-SERVICE,traceId=,spanId=] 4740 --- [ORDER-SERVICE] [main] [                                                 ] com.netflix.discovery.DiscoveryClient    : Registered Applications size is zero : true
2025-09-11T23:09:28.738+05:30  INFO [ORDER-SERVICE,traceId=,spanId=] 4740 --- [ORDER-SERVICE] [main] [                                                 ] com.netflix.discovery.DiscoveryClient    : Application version is -1: true
2025-09-11T23:09:28.738+05:30  INFO [ORDER-SERVICE,traceId=,spanId=] 4740 --- [ORDER-SERVICE] [main] [                                                 ] com.netflix.discovery.DiscoveryClient    : Getting all instance registry info from the eureka server
2025-09-11T23:09:29.141+05:30  INFO [ORDER-SERVICE,traceId=,spanId=] 4740 --- [ORDER-SERVICE] [main] [                                                 ] com.netflix.discovery.DiscoveryClient    : The response status is 200
2025-09-11T23:09:29.143+05:30  INFO [ORDER-SERVICE,traceId=,spanId=] 4740 --- [ORDER-SERVICE] [main] [                                                 ] com.netflix.discovery.DiscoveryClient    : Starting heartbeat executor: renew interval is: 30
2025-09-11T23:09:29.145+05:30  INFO [ORDER-SERVICE,traceId=,spanId=] 4740 --- [ORDER-SERVICE] [main] [                                                 ] c.n.discovery.InstanceInfoReplicator     : InstanceInfoReplicator onDemand update allowed rate per min is 4
2025-09-11T23:09:29.146+05:30  INFO [ORDER-SERVICE,traceId=,spanId=] 4740 --- [ORDER-SERVICE] [main] [                                                 ] com.netflix.discovery.DiscoveryClient    : Discovery Client initialized at timestamp 1757612369146 with initial instances count: 2
2025-09-11T23:09:29.155+05:30  INFO [ORDER-SERVICE,traceId=,spanId=] 4740 --- [ORDER-SERVICE] [main] [                                                 ] o.s.c.n.e.s.EurekaServiceRegistry        : Registering application ORDER-SERVICE with eureka with status UP
2025-09-11T23:09:29.156+05:30  INFO [ORDER-SERVICE,traceId=,spanId=] 4740 --- [ORDER-SERVICE] [main] [                                                 ] com.netflix.discovery.DiscoveryClient    : Saw local status change event StatusChangeEvent [timestamp=1757612369156, current=UP, previous=STARTING]
2025-09-11T23:09:29.158+05:30  INFO [ORDER-SERVICE,traceId=,spanId=] 4740 --- [ORDER-SERVICE] [DiscoveryClient-InstanceInfoReplicator-%d] [                                                 ] com.netflix.discovery.DiscoveryClient    : DiscoveryClient_ORDER-SERVICE/LAPTOP-2ASIFKT4:ORDER-SERVICE:8082: registering service...
2025-09-11T23:09:29.179+05:30  INFO [ORDER-SERVICE,traceId=,spanId=] 4740 --- [ORDER-SERVICE] [main] [                                                 ] o.s.b.w.embedded.tomcat.TomcatWebServer  : Tomcat started on port 8082 (http) with context path '/'
2025-09-11T23:09:29.181+05:30  INFO [ORDER-SERVICE,traceId=,spanId=] 4740 --- [ORDER-SERVICE] [main] [                                                 ] .s.c.n.e.s.EurekaAutoServiceRegistration : Updating port to 8082
2025-09-11T23:09:29.218+05:30  INFO [ORDER-SERVICE,traceId=,spanId=] 4740 --- [ORDER-SERVICE] [DiscoveryClient-InstanceInfoReplicator-%d] [                                                 ] com.netflix.discovery.DiscoveryClient    : DiscoveryClient_ORDER-SERVICE/LAPTOP-2ASIFKT4:ORDER-SERVICE:8082 - registration status: 204
2025-09-11T23:09:29.310+05:30  INFO [ORDER-SERVICE,traceId=,spanId=] 4740 --- [ORDER-SERVICE] [main] [                                                 ] c.s.O.OrderServiceApplication            : Started OrderServiceApplication in 16.673 seconds (process running for 17.895)
2025-09-11T23:10:17.952+05:30  INFO [ORDER-SERVICE,traceId=,spanId=] 4740 --- [ORDER-SERVICE] [http-nio-8082-exec-3] [                                                 ] o.a.c.c.C.[Tomcat].[localhost].[/]       : Initializing Spring DispatcherServlet 'dispatcherServlet'
2025-09-11T23:10:17.953+05:30  INFO [ORDER-SERVICE,traceId=,spanId=] 4740 --- [ORDER-SERVICE] [http-nio-8082-exec-3] [                                                 ] o.s.web.servlet.DispatcherServlet        : Initializing Servlet 'dispatcherServlet'
2025-09-11T23:10:17.955+05:30  INFO [ORDER-SERVICE,traceId=,spanId=] 4740 --- [ORDER-SERVICE] [http-nio-8082-exec-3] [                                                 ] o.s.web.servlet.DispatcherServlet        : Completed initialization in 2 ms
2025-09-11T23:10:18.073+05:30  INFO [ORDER-SERVICE,traceId=68c3098198d6595d8ababd1508b08518,spanId=8ababd1508b08518] 4740 --- [ORDER-SERVICE] [http-nio-8082-exec-3] [68c3098198d6595d8ababd1508b08518-8ababd1508b08518] c.s.O.service.OrderServiceImpl           : Get Order details for order Id: 1
2025-09-11T23:10:18.575+05:30  INFO [ORDER-SERVICE,traceId=68c3098198d6595d8ababd1508b08518,spanId=8ababd1508b08518] 4740 --- [ORDER-SERVICE] [http-nio-8082-exec-3] [68c3098198d6595d8ababd1508b08518-8ababd1508b08518] c.s.O.service.OrderServiceImpl           : Order document synced to Elasticsearch for orderId: 1
2025-09-11T23:10:18.576+05:30  INFO [ORDER-SERVICE,traceId=68c3098198d6595d8ababd1508b08518,spanId=8ababd1508b08518] 4740 --- [ORDER-SERVICE] [http-nio-8082-exec-3] [68c3098198d6595d8ababd1508b08518-8ababd1508b08518] c.s.O.service.OrderServiceImpl           : Invoking order service to fetch the product for Id: 1
2025-09-11T23:10:18.739+05:30  WARN [ORDER-SERVICE,traceId=68c3098198d6595d8ababd1508b08518,spanId=8ababd1508b08518] 4740 --- [ORDER-SERVICE] [http-nio-8082-exec-3] [68c3098198d6595d8ababd1508b08518-8ababd1508b08518] o.s.c.l.core.RoundRobinLoadBalancer      : No servers available for service: PRODUCT-SERVICE
2025-09-11T23:10:18.758+05:30 ERROR [ORDER-SERVICE,traceId=,spanId=] 4740 --- [ORDER-SERVICE] [http-nio-8082-exec-3] [                                                 ] o.a.c.c.C.[.[.[/].[dispatcherServlet]    : Servlet.service() for servlet [dispatcherServlet] in context with path [] threw exception [Request processing failed: java.lang.IllegalStateException: No instances available for PRODUCT-SERVICE] with root cause

java.lang.IllegalStateException: No instances available for PRODUCT-SERVICE
	at org.springframework.cloud.loadbalancer.blocking.client.BlockingLoadBalancerClient.execute(BlockingLoadBalancerClient.java:78) ~[spring-cloud-loadbalancer-4.3.0.jar:4.3.0]
	at org.springframework.cloud.client.loadbalancer.LoadBalancerInterceptor.intercept(LoadBalancerInterceptor.java:55) ~[spring-cloud-commons-4.3.0.jar:4.3.0]
	at org.springframework.http.client.InterceptingClientHttpRequest$InterceptingRequestExecution.execute(InterceptingClientHttpRequest.java:88) ~[spring-web-6.2.8.jar:6.2.8]
	at com.saiteja.OrderService.external.client.intercept.RestTemplateInterceptor.intercept(RestTemplateInterceptor.java:28) ~[classes/:na]
	at org.springframework.http.client.InterceptingClientHttpRequest$InterceptingRequestExecution.execute(InterceptingClientHttpRequest.java:88) ~[spring-web-6.2.8.jar:6.2.8]
	at org.springframework.http.client.InterceptingClientHttpRequest.executeInternal(InterceptingClientHttpRequest.java:72) ~[spring-web-6.2.8.jar:6.2.8]
	at org.springframework.http.client.AbstractBufferingClientHttpRequest.executeInternal(AbstractBufferingClientHttpRequest.java:48) ~[spring-web-6.2.8.jar:6.2.8]
	at org.springframework.http.client.AbstractClientHttpRequest.execute(AbstractClientHttpRequest.java:81) ~[spring-web-6.2.8.jar:6.2.8]
	at org.springframework.web.client.RestTemplate.doExecute(RestTemplate.java:900) ~[spring-web-6.2.8.jar:6.2.8]
	at org.springframework.web.client.RestTemplate.execute(RestTemplate.java:801) ~[spring-web-6.2.8.jar:6.2.8]
	at org.springframework.web.client.RestTemplate.getForObject(RestTemplate.java:415) ~[spring-web-6.2.8.jar:6.2.8]
	at com.saiteja.OrderService.service.OrderServiceImpl.getOrderDetails(OrderServiceImpl.java:131) ~[classes/:na]
	at com.saiteja.OrderService.controller.OrderController.getOrderDetails(OrderController.java:30) ~[classes/:na]
	at java.base/jdk.internal.reflect.NativeMethodAccessorImpl.invoke0(Native Method) ~[na:na]
	at java.base/jdk.internal.reflect.NativeMethodAccessorImpl.invoke(NativeMethodAccessorImpl.java:77) ~[na:na]
	at java.base/jdk.internal.reflect.DelegatingMethodAccessorImpl.invoke(DelegatingMethodAccessorImpl.java:43) ~[na:na]
	at java.base/java.lang.reflect.Method.invoke(Method.java:568) ~[na:na]
	at org.springframework.web.method.support.InvocableHandlerMethod.doInvoke(InvocableHandlerMethod.java:258) ~[spring-web-6.2.8.jar:6.2.8]
	at org.springframework.web.method.support.InvocableHandlerMethod.invokeForRequest(InvocableHandlerMethod.java:191) ~[spring-web-6.2.8.jar:6.2.8]
	at org.springframework.web.servlet.mvc.method.annotation.ServletInvocableHandlerMethod.invokeAndHandle(ServletInvocableHandlerMethod.java:118) ~[spring-webmvc-6.2.8.jar:6.2.8]
	at org.springframework.web.servlet.mvc.method.annotation.RequestMappingHandlerAdapter.invokeHandlerMethod(RequestMappingHandlerAdapter.java:986) ~[spring-webmvc-6.2.8.jar:6.2.8]
	at org.springframework.web.servlet.mvc.method.annotation.RequestMappingHandlerAdapter.handleInternal(RequestMappingHandlerAdapter.java:891) ~[spring-webmvc-6.2.8.jar:6.2.8]
	at org.springframework.web.servlet.mvc.method.AbstractHandlerMethodAdapter.handle(AbstractHandlerMethodAdapter.java:87) ~[spring-webmvc-6.2.8.jar:6.2.8]
	at org.springframework.web.servlet.DispatcherServlet.doDispatch(DispatcherServlet.java:1089) ~[spring-webmvc-6.2.8.jar:6.2.8]
	at org.springframework.web.servlet.DispatcherServlet.doService(DispatcherServlet.java:979) ~[spring-webmvc-6.2.8.jar:6.2.8]
	at org.springframework.web.servlet.FrameworkServlet.processRequest(FrameworkServlet.java:1014) ~[spring-webmvc-6.2.8.jar:6.2.8]
	at org.springframework.web.servlet.FrameworkServlet.doGet(FrameworkServlet.java:903) ~[spring-webmvc-6.2.8.jar:6.2.8]
	at jakarta.servlet.http.HttpServlet.service(HttpServlet.java:564) ~[tomcat-embed-core-10.1.42.jar:6.0]
	at org.springframework.web.servlet.FrameworkServlet.service(FrameworkServlet.java:885) ~[spring-webmvc-6.2.8.jar:6.2.8]
	at jakarta.servlet.http.HttpServlet.service(HttpServlet.java:658) ~[tomcat-embed-core-10.1.42.jar:6.0]
	at org.apache.catalina.core.ApplicationFilterChain.internalDoFilter(ApplicationFilterChain.java:195) ~[tomcat-embed-core-10.1.42.jar:10.1.42]
	at org.apache.catalina.core.ApplicationFilterChain.doFilter(ApplicationFilterChain.java:140) ~[tomcat-embed-core-10.1.42.jar:10.1.42]
	at org.apache.tomcat.websocket.server.WsFilter.doFilter(WsFilter.java:51) ~[tomcat-embed-websocket-10.1.42.jar:10.1.42]
	at org.apache.catalina.core.ApplicationFilterChain.internalDoFilter(ApplicationFilterChain.java:164) ~[tomcat-embed-core-10.1.42.jar:10.1.42]
	at org.apache.catalina.core.ApplicationFilterChain.doFilter(ApplicationFilterChain.java:140) ~[tomcat-embed-core-10.1.42.jar:10.1.42]
	at org.springframework.web.filter.RequestContextFilter.doFilterInternal(RequestContextFilter.java:100) ~[spring-web-6.2.8.jar:6.2.8]
	at org.springframework.web.filter.OncePerRequestFilter.doFilter(OncePerRequestFilter.java:116) ~[spring-web-6.2.8.jar:6.2.8]
	at org.apache.catalina.core.ApplicationFilterChain.internalDoFilter(ApplicationFilterChain.java:164) ~[tomcat-embed-core-10.1.42.jar:10.1.42]
	at org.apache.catalina.core.ApplicationFilterChain.doFilter(ApplicationFilterChain.java:140) ~[tomcat-embed-core-10.1.42.jar:10.1.42]
	at org.springframework.web.filter.FormContentFilter.doFilterInternal(FormContentFilter.java:93) ~[spring-web-6.2.8.jar:6.2.8]
	at org.springframework.web.filter.OncePerRequestFilter.doFilter(OncePerRequestFilter.java:116) ~[spring-web-6.2.8.jar:6.2.8]
	at org.apache.catalina.core.ApplicationFilterChain.internalDoFilter(ApplicationFilterChain.java:164) ~[tomcat-embed-core-10.1.42.jar:10.1.42]
	at org.apache.catalina.core.ApplicationFilterChain.doFilter(ApplicationFilterChain.java:140) ~[tomcat-embed-core-10.1.42.jar:10.1.42]
	at org.springframework.web.filter.ServerHttpObservationFilter.doFilterInternal(ServerHttpObservationFilter.java:114) ~[spring-web-6.2.8.jar:6.2.8]
	at org.springframework.web.filter.OncePerRequestFilter.doFilter(OncePerRequestFilter.java:116) ~[spring-web-6.2.8.jar:6.2.8]
	at org.apache.catalina.core.ApplicationFilterChain.internalDoFilter(ApplicationFilterChain.java:164) ~[tomcat-embed-core-10.1.42.jar:10.1.42]
	at org.apache.catalina.core.ApplicationFilterChain.doFilter(ApplicationFilterChain.java:140) ~[tomcat-embed-core-10.1.42.jar:10.1.42]
	at org.springframework.web.filter.CharacterEncodingFilter.doFilterInternal(CharacterEncodingFilter.java:201) ~[spring-web-6.2.8.jar:6.2.8]
	at org.springframework.web.filter.OncePerRequestFilter.doFilter(OncePerRequestFilter.java:116) ~[spring-web-6.2.8.jar:6.2.8]
	at org.apache.catalina.core.ApplicationFilterChain.internalDoFilter(ApplicationFilterChain.java:164) ~[tomcat-embed-core-10.1.42.jar:10.1.42]
	at org.apache.catalina.core.ApplicationFilterChain.doFilter(ApplicationFilterChain.java:140) ~[tomcat-embed-core-10.1.42.jar:10.1.42]
	at org.apache.catalina.core.StandardWrapperValve.invoke(StandardWrapperValve.java:167) ~[tomcat-embed-core-10.1.42.jar:10.1.42]
	at org.apache.catalina.core.StandardContextValve.invoke(StandardContextValve.java:90) ~[tomcat-embed-core-10.1.42.jar:10.1.42]
	at org.apache.catalina.authenticator.AuthenticatorBase.invoke(AuthenticatorBase.java:483) ~[tomcat-embed-core-10.1.42.jar:10.1.42]
	at org.apache.catalina.core.StandardHostValve.invoke(StandardHostValve.java:116) ~[tomcat-embed-core-10.1.42.jar:10.1.42]
	at org.apache.catalina.valves.ErrorReportValve.invoke(ErrorReportValve.java:93) ~[tomcat-embed-core-10.1.42.jar:10.1.42]
	at org.apache.catalina.core.StandardEngineValve.invoke(StandardEngineValve.java:74) ~[tomcat-embed-core-10.1.42.jar:10.1.42]
	at org.apache.catalina.connector.CoyoteAdapter.service(CoyoteAdapter.java:344) ~[tomcat-embed-core-10.1.42.jar:10.1.42]
	at org.apache.coyote.http11.Http11Processor.service(Http11Processor.java:398) ~[tomcat-embed-core-10.1.42.jar:10.1.42]
	at org.apache.coyote.AbstractProcessorLight.process(AbstractProcessorLight.java:63) ~[tomcat-embed-core-10.1.42.jar:10.1.42]
	at org.apache.coyote.AbstractProtocol$ConnectionHandler.process(AbstractProtocol.java:903) ~[tomcat-embed-core-10.1.42.jar:10.1.42]
	at org.apache.tomcat.util.net.NioEndpoint$SocketProcessor.doRun(NioEndpoint.java:1769) ~[tomcat-embed-core-10.1.42.jar:10.1.42]
	at org.apache.tomcat.util.net.SocketProcessorBase.run(SocketProcessorBase.java:52) ~[tomcat-embed-core-10.1.42.jar:10.1.42]
	at org.apache.tomcat.util.threads.ThreadPoolExecutor.runWorker(ThreadPoolExecutor.java:1189) ~[tomcat-embed-core-10.1.42.jar:10.1.42]
	at org.apache.tomcat.util.threads.ThreadPoolExecutor$Worker.run(ThreadPoolExecutor.java:658) ~[tomcat-embed-core-10.1.42.jar:10.1.42]
	at org.apache.tomcat.util.threads.TaskThread$WrappingRunnable.run(TaskThread.java:63) ~[tomcat-embed-core-10.1.42.jar:10.1.42]
	at java.base/java.lang.Thread.run(Thread.java:842) ~[na:na]

2025-09-11T23:13:59.906+05:30  INFO [ORDER-SERVICE,traceId=68c30a5f9368ef70463bacb5c079881b,spanId=463bacb5c079881b] 4740 --- [ORDER-SERVICE] [http-nio-8082-exec-4] [68c30a5f9368ef70463bacb5c079881b-463bacb5c079881b] c.s.O.service.OrderServiceImpl           : Get Order details for order Id: 1
2025-09-11T23:13:59.998+05:30  INFO [ORDER-SERVICE,traceId=68c30a5f9368ef70463bacb5c079881b,spanId=463bacb5c079881b] 4740 --- [ORDER-SERVICE] [http-nio-8082-exec-4] [68c30a5f9368ef70463bacb5c079881b-463bacb5c079881b] c.s.O.service.OrderServiceImpl           : Order document synced to Elasticsearch for orderId: 1
2025-09-11T23:13:59.999+05:30  INFO [ORDER-SERVICE,traceId=68c30a5f9368ef70463bacb5c079881b,spanId=463bacb5c079881b] 4740 --- [ORDER-SERVICE] [http-nio-8082-exec-4] [68c30a5f9368ef70463bacb5c079881b-463bacb5c079881b] c.s.O.service.OrderServiceImpl           : Invoking order service to fetch the product for Id: 1
2025-09-11T23:14:00.451+05:30  INFO [ORDER-SERVICE,traceId=68c30a5f9368ef70463bacb5c079881b,spanId=463bacb5c079881b] 4740 --- [ORDER-SERVICE] [http-nio-8082-exec-4] [68c30a5f9368ef70463bacb5c079881b-463bacb5c079881b] c.s.O.service.OrderServiceImpl           : Getting payment information from the payment service
2025-09-11T23:14:28.748+05:30  INFO [ORDER-SERVICE,traceId=,spanId=] 4740 --- [ORDER-SERVICE] [AsyncResolver-bootstrap-executor-%d] [                                                 ] c.n.d.s.r.aws.ConfigClusterResolver      : Resolving eureka endpoints via configuration
2025-09-11T23:19:28.767+05:30  INFO [ORDER-SERVICE,traceId=,spanId=] 4740 --- [ORDER-SERVICE] [AsyncResolver-bootstrap-executor-%d] [                                                 ] c.n.d.s.r.aws.ConfigClusterResolver      : Resolving eureka endpoints via configuration
2025-09-11T23:20:20.298+05:30  INFO [ORDER-SERVICE,traceId=68c30bdc0d431c5e43e025a9fe6a5571,spanId=43e025a9fe6a5571] 4740 --- [ORDER-SERVICE] [http-nio-8082-exec-6] [68c30bdc0d431c5e43e025a9fe6a5571-43e025a9fe6a5571] c.s.O.service.OrderServiceImpl           : Get Order details for order Id: 1
2025-09-11T23:20:20.381+05:30  INFO [ORDER-SERVICE,traceId=68c30bdc0d431c5e43e025a9fe6a5571,spanId=43e025a9fe6a5571] 4740 --- [ORDER-SERVICE] [http-nio-8082-exec-6] [68c30bdc0d431c5e43e025a9fe6a5571-43e025a9fe6a5571] c.s.O.service.OrderServiceImpl           : Order document synced to Elasticsearch for orderId: 1
2025-09-11T23:20:20.381+05:30  INFO [ORDER-SERVICE,traceId=68c30bdc0d431c5e43e025a9fe6a5571,spanId=43e025a9fe6a5571] 4740 --- [ORDER-SERVICE] [http-nio-8082-exec-6] [68c30bdc0d431c5e43e025a9fe6a5571-43e025a9fe6a5571] c.s.O.service.OrderServiceImpl           : Invoking order service to fetch the product for Id: 1
2025-09-11T23:20:20.403+05:30  INFO [ORDER-SERVICE,traceId=68c30bdc0d431c5e43e025a9fe6a5571,spanId=43e025a9fe6a5571] 4740 --- [ORDER-SERVICE] [http-nio-8082-exec-6] [68c30bdc0d431c5e43e025a9fe6a5571-43e025a9fe6a5571] c.s.O.service.OrderServiceImpl           : Getting payment information from the payment service
2025-09-11T23:24:28.773+05:30  INFO [ORDER-SERVICE,traceId=,spanId=] 4740 --- [ORDER-SERVICE] [AsyncResolver-bootstrap-executor-%d] [                                                 ] c.n.d.s.r.aws.ConfigClusterResolver      : Resolving eureka endpoints via configuration
2025-09-11T23:27:40.889+05:30  INFO [ORDER-SERVICE,traceId=,spanId=] 4740 --- [ORDER-SERVICE] [SpringApplicationShutdownHook] [                                                 ] o.s.c.n.e.s.EurekaServiceRegistry        : Unregistering application ORDER-SERVICE with eureka with status DOWN
2025-09-11T23:27:40.889+05:30  INFO [ORDER-SERVICE,traceId=,spanId=] 4740 --- [ORDER-SERVICE] [SpringApplicationShutdownHook] [                                                 ] com.netflix.discovery.DiscoveryClient    : Saw local status change event StatusChangeEvent [timestamp=1757613460889, current=DOWN, previous=UP]
2025-09-11T23:27:40.889+05:30  INFO [ORDER-SERVICE,traceId=,spanId=] 4740 --- [ORDER-SERVICE] [DiscoveryClient-InstanceInfoReplicator-%d] [                                                 ] com.netflix.discovery.DiscoveryClient    : DiscoveryClient_ORDER-SERVICE/LAPTOP-2ASIFKT4:ORDER-SERVICE:8082: registering service...
2025-09-11T23:27:40.894+05:30  INFO [ORDER-SERVICE,traceId=,spanId=] 4740 --- [ORDER-SERVICE] [SpringApplicationShutdownHook] [                                                 ] o.s.b.w.e.tomcat.GracefulShutdown        : Commencing graceful shutdown. Waiting for active requests to complete
2025-09-11T23:27:40.918+05:30  INFO [ORDER-SERVICE,traceId=,spanId=] 4740 --- [ORDER-SERVICE] [DiscoveryClient-InstanceInfoReplicator-%d] [                                                 ] com.netflix.discovery.DiscoveryClient    : DiscoveryClient_ORDER-SERVICE/LAPTOP-2ASIFKT4:ORDER-SERVICE:8082 - registration status: 204
2025-09-11T23:27:40.931+05:30  INFO [ORDER-SERVICE,traceId=,spanId=] 4740 --- [ORDER-SERVICE] [tomcat-shutdown] [                                                 ] o.s.b.w.e.tomcat.GracefulShutdown        : Graceful shutdown complete
2025-09-11T23:27:40.947+05:30  INFO [ORDER-SERVICE,traceId=,spanId=] 4740 --- [ORDER-SERVICE] [SpringApplicationShutdownHook] [                                                 ] j.LocalContainerEntityManagerFactoryBean : Closing JPA EntityManagerFactory for persistence unit 'default'
2025-09-11T23:27:40.949+05:30  INFO [ORDER-SERVICE,traceId=,spanId=] 4740 --- [ORDER-SERVICE] [SpringApplicationShutdownHook] [                                                 ] com.zaxxer.hikari.HikariDataSource       : HikariPool-1 - Shutdown initiated...
2025-09-11T23:27:40.961+05:30  INFO [ORDER-SERVICE,traceId=,spanId=] 4740 --- [ORDER-SERVICE] [SpringApplicationShutdownHook] [                                                 ] com.zaxxer.hikari.HikariDataSource       : HikariPool-1 - Shutdown completed.
2025-09-11T23:27:41.777+05:30  INFO [ORDER-SERVICE,traceId=,spanId=] 4740 --- [ORDER-SERVICE] [SpringApplicationShutdownHook] [                                                 ] com.netflix.discovery.DiscoveryClient    : Shutting down DiscoveryClient ...
2025-09-11T23:27:44.783+05:30  INFO [ORDER-SERVICE,traceId=,spanId=] 4740 --- [ORDER-SERVICE] [SpringApplicationShutdownHook] [                                                 ] com.netflix.discovery.DiscoveryClient    : Unregistering ...
2025-09-11T23:27:44.800+05:30  INFO [ORDER-SERVICE,traceId=,spanId=] 4740 --- [ORDER-SERVICE] [SpringApplicationShutdownHook] [                                                 ] com.netflix.discovery.DiscoveryClient    : DiscoveryClient_ORDER-SERVICE/LAPTOP-2ASIFKT4:ORDER-SERVICE:8082 - deregister  status: 200
2025-09-11T23:27:44.801+05:30  INFO [ORDER-SERVICE,traceId=,spanId=] 4740 --- [ORDER-SERVICE] [SpringApplicationShutdownHook] [                                                 ] com.netflix.discovery.DiscoveryClient    : Completed shut down of DiscoveryClient
